<?xml version="1.0" encoding="UTF-8"?>
<!-- Generated by org.testng.reporters.JUnitXMLReporter -->
<testsuite ignored="0" hostname="DESKTOP-E3R87G8" failures="2" tests="21" name="Surefire test" time="65.934" errors="0" timestamp="24 May 2021 13:21:10 GMT">
  <testcase classname="com.tripadvisor.tests.CruisesTest" name="verifyCruisesPageTitleTest" time="30.301">
    <failure type="java.lang.AssertionError" message="Test case failed: Expected condition failed: waiting for element to be clickable: By.xpath: //*[@id=&amp;quot;lithium-root&amp;quot;]/main/div[1]/div[2]/div/div/div[2]/a/span/span[1] (tried for 30 second(s) with 500 milliseconds interval)">
      <![CDATA[java.lang.AssertionError: Test case failed: Expected condition failed: waiting for element to be clickable: By.xpath: //*[@id="lithium-root"]/main/div[1]/div[2]/div/div/div[2]/a/span/span[1] (tried for 30 second(s) with 500 milliseconds interval)
at com.tripadvisor.base.BaseUI.reportFail(BaseUI.java:304)
at com.tripadvisor.base.BaseUI.clickOn(BaseUI.java:193)
at com.tripadvisor.pages.HomePage.searchHolidayHomesLocation(HomePage.java:36)
at com.tripadvisor.tests.CruisesTest.verifyCruisesPageTitleTest(CruisesTest.java:40)
... Removed 31 stack frames]]>
    </failure>
  </testcase> <!-- verifyCruisesPageTitleTest -->
  <testcase classname="com.tripadvisor.tests.CruisesTest" name="verifySearchNotActivatedTest" time="0.0">
    <skipped/>
  </testcase> <!-- verifySearchNotActivatedTest -->
  <testcase classname="com.tripadvisor.tests.CruisesTest" name="verifyShipDropDownNotActivatedTest" time="0.0">
    <skipped/>
  </testcase> <!-- verifyShipDropDownNotActivatedTest -->
  <testcase classname="com.tripadvisor.tests.CruisesTest" name="verifyCruiseIsSelectedTest" time="0.0">
    <skipped/>
  </testcase> <!-- verifyCruiseIsSelectedTest -->
  <testcase classname="com.tripadvisor.tests.CruisesTest" name="cruiseDetailsTest" time="0.0">
    <skipped/>
  </testcase> <!-- cruiseDetailsTest -->
  <testcase classname="com.tripadvisor.tests.HolidayHomesTest" name="invalidLocationTest" time="13.299">
    <failure type="java.lang.AssertionError" message="Test case failed: chrome not reachable
  (Session info: chrome=90.0.4430.212)
Build info: version: &amp;apos;3.141.59&amp;apos;, revision: &amp;apos;e82be7d358&amp;apos;, time: &amp;apos;2018-11-14T08:17:03&amp;apos;
System info: host: &amp;apos;DESKTOP-E3R87G8&amp;apos;, ip: &amp;apos;192.168.0.106&amp;apos;, os.name: &amp;apos;Windows 10&amp;apos;, os.arch: &amp;apos;amd64&amp;apos;, os.version: &amp;apos;10.0&amp;apos;, java.version: &amp;apos;15.0.1&amp;apos;
Driver info: org.openqa.selenium.chrome.ChromeDriver
Capabilities {acceptInsecureCerts: false, browserName: chrome, browserVersion: 90.0.4430.212, chrome: {chromedriverVersion: 89.0.4389.23 (61b08ee2c5002..., userDataDir: C:\Users\GNANESH\AppData\Lo...}, goog:chromeOptions: {debuggerAddress: localhost:63709}, javascriptEnabled: true, networkConnectionEnabled: false, pageLoadStrategy: normal, platform: WINDOWS, platformName: WINDOWS, proxy: Proxy(), setWindowRect: true, strictFileInteractability: false, timeouts: {implicit: 0, pageLoad: 300000, script: 30000}, unhandledPromptBehavior: dismiss and notify, webauthn:extension:largeBlob: true, webauthn:virtualAuthenticators: true}
Session ID: bfa7bc4436a8ef02ab2f9569ec022258
*** Element info: {Using=xpath, value=//*[@id=&amp;quot;lithium-root&amp;quot;]/main/div[1]/div[2]/div/div/div[2]/a/span/span[1]}">
      <![CDATA[java.lang.AssertionError: Test case failed: chrome not reachable
  (Session info: chrome=90.0.4430.212)
Build info: version: '3.141.59', revision: 'e82be7d358', time: '2018-11-14T08:17:03'
System info: host: 'DESKTOP-E3R87G8', ip: '192.168.0.106', os.name: 'Windows 10', os.arch: 'amd64', os.version: '10.0', java.version: '15.0.1'
Driver info: org.openqa.selenium.chrome.ChromeDriver
Capabilities {acceptInsecureCerts: false, browserName: chrome, browserVersion: 90.0.4430.212, chrome: {chromedriverVersion: 89.0.4389.23 (61b08ee2c5002..., userDataDir: C:\Users\GNANESH\AppData\Lo...}, goog:chromeOptions: {debuggerAddress: localhost:63709}, javascriptEnabled: true, networkConnectionEnabled: false, pageLoadStrategy: normal, platform: WINDOWS, platformName: WINDOWS, proxy: Proxy(), setWindowRect: true, strictFileInteractability: false, timeouts: {implicit: 0, pageLoad: 300000, script: 30000}, unhandledPromptBehavior: dismiss and notify, webauthn:extension:largeBlob: true, webauthn:virtualAuthenticators: true}
Session ID: bfa7bc4436a8ef02ab2f9569ec022258
*** Element info: {Using=xpath, value=//*[@id="lithium-root"]/main/div[1]/div[2]/div/div/div[2]/a/span/span[1]}
at com.tripadvisor.base.BaseUI.reportFail(BaseUI.java:304)
at com.tripadvisor.base.BaseUI.clickOn(BaseUI.java:193)
at com.tripadvisor.pages.HomePage.searchHolidayHomesLocation(HomePage.java:36)
at com.tripadvisor.tests.HolidayHomesTest.invalidLocationTest(HolidayHomesTest.java:40)
... Removed 31 stack frames]]>
    </failure>
  </testcase> <!-- invalidLocationTest -->
  <testcase classname="com.tripadvisor.tests.HolidayHomesTest" name="verifySearchLocationTitleTest" time="0.0">
    <skipped/>
  </testcase> <!-- verifySearchLocationTitleTest -->
  <testcase classname="com.tripadvisor.tests.HolidayHomesTest" name="holidayHomesTest" time="0.0">
    <skipped/>
  </testcase> <!-- holidayHomesTest -->
  <testcase classname="com.tripadvisor.tests.HolidayHomesTest" name="verifyBookNowTest" time="0.0">
    <skipped/>
  </testcase> <!-- verifyBookNowTest -->
  <testcase classname="com.tripadvisor.tests.HolidayHomesTest" name="verifyHotelCheckInTest" time="0.0">
    <skipped/>
  </testcase> <!-- verifyHotelCheckInTest -->
  <testcase classname="com.tripadvisor.tests.HolidayHomesTest" name="verifyHotelCheckOutTest" time="0.0">
    <skipped/>
  </testcase> <!-- verifyHotelCheckOutTest -->
  <testcase classname="com.tripadvisor.tests.HolidayHomesTest" name="verifyHotelGuestsTest" time="0.0">
    <skipped/>
  </testcase> <!-- verifyHotelGuestsTest -->
  <testcase classname="com.tripadvisor.tests.HolidayHomesTest" name="verifyHotelElevatorTest" time="0.0">
    <skipped/>
  </testcase> <!-- verifyHotelElevatorTest -->
  <testcase classname="com.tripadvisor.tests.HolidayHomesTest" name="clearAllFiltersTest" time="0.0">
    <skipped/>
  </testcase> <!-- clearAllFiltersTest -->
  <testcase classname="com.tripadvisor.tests.HolidayHomesTest" name="showPricesButtonTest" time="0.0">
    <skipped/>
  </testcase> <!-- showPricesButtonTest -->
  <testcase classname="com.tripadvisor.tests.HolidayHomesTest" name="bookNowButtonTest" time="0.0">
    <skipped/>
  </testcase> <!-- bookNowButtonTest -->
  <testcase classname="com.tripadvisor.tests.HolidayHomesTest" name="verifyCheckInSelectedTest" time="0.0">
    <skipped/>
  </testcase> <!-- verifyCheckInSelectedTest -->
  <testcase classname="com.tripadvisor.tests.HolidayHomesTest" name="verifyCheckOutSelectedTest" time="0.0">
    <skipped/>
  </testcase> <!-- verifyCheckOutSelectedTest -->
  <testcase classname="com.tripadvisor.tests.HolidayHomesTest" name="verifyCheckInOutFilterTest" time="0.0">
    <skipped/>
  </testcase> <!-- verifyCheckInOutFilterTest -->
  <testcase classname="com.tripadvisor.tests.HolidayHomesTest" name="verifyElevatorFilterAppliedTest" time="0.0">
    <skipped/>
  </testcase> <!-- verifyElevatorFilterAppliedTest -->
  <testcase classname="com.tripadvisor.tests.HolidayHomesTest" name="verifyPastDateNotSelectedTest" time="0.0">
    <skipped/>
  </testcase> <!-- verifyPastDateNotSelectedTest -->
</testsuite> <!-- Surefire test -->
